# JRE version: OpenJDK Runtime Environment (8.0_362-b09) (build 1.8.0_362-b09)
# Java VM: OpenJDK 64-Bit Server VM (25.362-b09 mixed mode windows-amd64 compressed oops)
Heap:
 PSYoungGen      total 38400K, used 5115K [0x00000000d5700000, 0x00000000da200000, 0x0000000100000000)
  eden space 33280K, 0% used [0x00000000d5700000,0x00000000d5700000,0x00000000d7780000)
  from space 5120K, 99% used [0x00000000d7c80000,0x00000000d817ef28,0x00000000d8180000)
  to   space 5120K, 0% used [0x00000000d7780000,0x00000000d7780000,0x00000000d7c80000)
 ParOldGen       total 87552K, used 4140K [0x0000000080400000, 0x0000000085980000, 0x00000000d5700000)
  object space 87552K, 4% used [0x0000000080400000,0x000000008080b010,0x0000000085980000)
 Metaspace       used 20483K, capacity 21184K, committed 21296K, reserved 1069056K
  class space    used 2477K, capacity 2674K, committed 2688K, reserved 1048576K
GC Heap History (9 events):
Event: 2.404 GC heap before
{Heap before GC invocations=1 (full 0):
 PSYoungGen      total 38400K, used 33280K [0x00000000d5700000, 0x00000000d8180000, 0x0000000100000000)
  eden space 33280K, 100% used [0x00000000d5700000,0x00000000d7780000,0x00000000d7780000)
  from space 5120K, 0% used [0x00000000d7c80000,0x00000000d7c80000,0x00000000d8180000)
  to   space 5120K, 0% used [0x00000000d7780000,0x00000000d7780000,0x00000000d7c80000)
 ParOldGen       total 87552K, used 0K [0x0000000080400000, 0x0000000085980000, 0x00000000d5700000)
  object space 87552K, 0% used [0x0000000080400000,0x0000000080400000,0x0000000085980000)
 Metaspace       used 10870K, capacity 11018K, committed 11392K, reserved 1058816K
  class space    used 1236K, capacity 1292K, committed 1408K, reserved 1048576K
Event: 2.412 GC heap after
Heap after GC invocations=1 (full 0):
 PSYoungGen      total 38400K, used 4048K [0x00000000d5700000, 0x00000000d8180000, 0x0000000100000000)
  eden space 33280K, 0% used [0x00000000d5700000,0x00000000d5700000,0x00000000d7780000)
  from space 5120K, 79% used [0x00000000d7780000,0x00000000d7b74168,0x00000000d7c80000)
  to   space 5120K, 0% used [0x00000000d7c80000,0x00000000d7c80000,0x00000000d8180000)
 ParOldGen       total 87552K, used 80K [0x0000000080400000, 0x0000000085980000, 0x00000000d5700000)
  object space 87552K, 0% used [0x0000000080400000,0x0000000080414010,0x0000000085980000)
 Metaspace       used 10870K, capacity 11018K, committed 11392K, reserved 1058816K
  class space    used 1236K, capacity 1292K, committed 1408K, reserved 1048576K
}
Event: 3.350 GC heap before
{Heap before GC invocations=2 (full 0):
 PSYoungGen      total 38400K, used 37328K [0x00000000d5700000, 0x00000000d8180000, 0x0000000100000000)
  eden space 33280K, 100% used [0x00000000d5700000,0x00000000d7780000,0x00000000d7780000)
  from space 5120K, 79% used [0x00000000d7780000,0x00000000d7b74168,0x00000000d7c80000)
  to   space 5120K, 0% used [0x00000000d7c80000,0x00000000d7c80000,0x00000000d8180000)
 ParOldGen       total 87552K, used 80K [0x0000000080400000, 0x0000000085980000, 0x00000000d5700000)
  object space 87552K, 0% used [0x0000000080400000,0x0000000080414010,0x0000000085980000)
 Metaspace       used 15468K, capacity 15718K, committed 16000K, reserved 1062912K
  class space    used 1769K, capacity 1869K, committed 1920K, reserved 1048576K
Event: 3.359 GC heap after
Heap after GC invocations=2 (full 0):
 PSYoungGen      total 38400K, used 5107K [0x00000000d5700000, 0x00000000d8180000, 0x0000000100000000)
  eden space 33280K, 0% used [0x00000000d5700000,0x00000000d5700000,0x00000000d7780000)
  from space 5120K, 99% used [0x00000000d7c80000,0x00000000d817cc70,0x00000000d8180000)
  to   space 5120K, 0% used [0x00000000d7780000,0x00000000d7780000,0x00000000d7c80000)
 ParOldGen       total 87552K, used 929K [0x0000000080400000, 0x0000000085980000, 0x00000000d5700000)
  object space 87552K, 1% used [0x0000000080400000,0x00000000804e8580,0x0000000085980000)
 Metaspace       used 15468K, capacity 15718K, committed 16000K, reserved 1062912K
  class space    used 1769K, capacity 1869K, committed 1920K, reserved 1048576K
}
Event: 4.862 GC heap before
{Heap before GC invocations=3 (full 0):
 PSYoungGen      total 38400K, used 38387K [0x00000000d5700000, 0x00000000d8180000, 0x0000000100000000)
  eden space 33280K, 100% used [0x00000000d5700000,0x00000000d7780000,0x00000000d7780000)
  from space 5120K, 99% used [0x00000000d7c80000,0x00000000d817cc70,0x00000000d8180000)
  to   space 5120K, 0% used [0x00000000d7780000,0x00000000d7780000,0x00000000d7c80000)
 ParOldGen       total 87552K, used 929K [0x0000000080400000, 0x0000000085980000, 0x00000000d5700000)
  object space 87552K, 1% used [0x0000000080400000,0x00000000804e8580,0x0000000085980000)
 Metaspace       used 19956K, capacity 20672K, committed 20864K, reserved 1067008K
  class space    used 2409K, capacity 2610K, committed 2688K, reserved 1048576K
Event: 4.872 GC heap after
Heap after GC invocations=3 (full 0):
 PSYoungGen      total 38400K, used 5115K [0x00000000d5700000, 0x00000000d8180000, 0x0000000100000000)
  eden space 33280K, 0% used [0x00000000d5700000,0x00000000d5700000,0x00000000d7780000)
  from space 5120K, 99% used [0x00000000d7780000,0x00000000d7c7ef28,0x00000000d7c80000)
  to   space 5120K, 0% used [0x00000000d7c80000,0x00000000d7c80000,0x00000000d8180000)
 ParOldGen       total 87552K, used 3723K [0x0000000080400000, 0x0000000085980000, 0x00000000d5700000)
  object space 87552K, 4% used [0x0000000080400000,0x00000000807a2c50,0x0000000085980000)
 Metaspace       used 19956K, capacity 20672K, committed 20864K, reserved 1067008K
  class space    used 2409K, capacity 2610K, committed 2688K, reserved 1048576K
}
Event: 5.170 GC heap before
{Heap before GC invocations=4 (full 0):
 PSYoungGen      total 38400K, used 10412K [0x00000000d5700000, 0x00000000d8180000, 0x0000000100000000)
  eden space 33280K, 15% used [0x00000000d5700000,0x00000000d5c2c220,0x00000000d7780000)
  from space 5120K, 99% used [0x00000000d7780000,0x00000000d7c7ef28,0x00000000d7c80000)
  to   space 5120K, 0% used [0x00000000d7c80000,0x00000000d7c80000,0x00000000d8180000)
 ParOldGen       total 87552K, used 3723K [0x0000000080400000, 0x0000000085980000, 0x00000000d5700000)
  object space 87552K, 4% used [0x0000000080400000,0x00000000807a2c50,0x0000000085980000)
 Metaspace       used 20483K, capacity 21184K, committed 21296K, reserved 1069056K
  class space    used 2477K, capacity 2674K, committed 2688K, reserved 1048576K
Event: 5.178 GC heap after
Heap after GC invocations=4 (full 0):
 PSYoungGen      total 38400K, used 5115K [0x00000000d5700000, 0x00000000da200000, 0x0000000100000000)
  eden space 33280K, 0% used [0x00000000d5700000,0x00000000d5700000,0x00000000d7780000)
  from space 5120K, 99% used [0x00000000d7c80000,0x00000000d817ef28,0x00000000d8180000)
  to   space 5120K, 0% used [0x00000000d7780000,0x00000000d7780000,0x00000000d7c80000)
 ParOldGen       total 87552K, used 4140K [0x0000000080400000, 0x0000000085980000, 0x00000000d5700000)
  object space 87552K, 4% used [0x0000000080400000,0x000000008080b010,0x0000000085980000)
 Metaspace       used 20483K, capacity 21184K, committed 21296K, reserved 1069056K
  class space    used 2477K, capacity 2674K, committed 2688K, reserved 1048576K
}
Event: 5.178 GC heap before
{Heap before GC invocations=5 (full 1):
 PSYoungGen      total 38400K, used 5115K [0x00000000d5700000, 0x00000000da200000, 0x0000000100000000)
  eden space 33280K, 0% used [0x00000000d5700000,0x00000000d5700000,0x00000000d7780000)
  from space 5120K, 99% used [0x00000000d7c80000,0x00000000d817ef28,0x00000000d8180000)
  to   space 5120K, 0% used [0x00000000d7780000,0x00000000d7780000,0x00000000d7c80000)
 ParOldGen       total 87552K, used 4140K [0x0000000080400000, 0x0000000085980000, 0x00000000d5700000)
  object space 87552K, 4% used [0x0000000080400000,0x000000008080b010,0x0000000085980000)
 Metaspace       used 20483K, capacity 21184K, committed 21296K, reserved 1069056K
  class space    used 2477K, capacity 2674K, committed 2688K, reserved 1048576K

